<?xml version="1.0" encoding="UTF-8"?>
<testng-results ignored="0" total="2" passed="2" failed="0" skipped="0">
  <reporter-output>
  </reporter-output>
  <suite started-at="2025-04-08T05:53:45 IST" name="Suite" finished-at="2025-04-08T05:54:21 IST" duration-ms="36151">
    <groups>
      <group name="Master">
        <method signature="TC01_AccountRegistrationTest.test_account_registration()[pri:0, instance:testCases.TC01_AccountRegistrationTest@126945f9]" name="test_account_registration" class="testCases.TC01_AccountRegistrationTest"/>
        <method signature="TC02_LoginTest.verifyLogin()[pri:0, instance:testCases.TC02_LoginTest@35229f85]" name="verifyLogin" class="testCases.TC02_LoginTest"/>
      </group> <!-- Master -->
      <group name="Sanity">
        <method signature="TC01_AccountRegistrationTest.test_account_registration()[pri:0, instance:testCases.TC01_AccountRegistrationTest@126945f9]" name="test_account_registration" class="testCases.TC01_AccountRegistrationTest"/>
      </group> <!-- Sanity -->
      <group name="Regression">
        <method signature="TC02_LoginTest.verifyLogin()[pri:0, instance:testCases.TC02_LoginTest@35229f85]" name="verifyLogin" class="testCases.TC02_LoginTest"/>
      </group> <!-- Regression -->
    </groups>
    <test started-at="2025-04-08T05:53:45 IST" name="Test" finished-at="2025-04-08T05:54:21 IST" duration-ms="36151">
      <class name="testCases.TC01_AccountRegistrationTest">
        <test-method is-config="true" signature="setUp(java.lang.String,java.lang.String)[pri:0, instance:testCases.TC01_AccountRegistrationTest@126945f9]" started-at="2025-04-08T05:53:46 IST" name="setUp" finished-at="2025-04-08T05:54:04 IST" duration-ms="17562" status="PASS">
          <params>
            <param index="0">
              <value>
                <![CDATA[Windows]]>
              </value>
            </param>
            <param index="1">
              <value>
                <![CDATA[chrome]]>
              </value>
            </param>
          </params>
          <reporter-output>
          </reporter-output>
        </test-method> <!-- setUp -->
        <test-method signature="test_account_registration()[pri:0, instance:testCases.TC01_AccountRegistrationTest@126945f9]" started-at="2025-04-08T05:54:04 IST" name="test_account_registration" finished-at="2025-04-08T05:54:09 IST" duration-ms="5488" status="PASS">
          <reporter-output>
          </reporter-output>
        </test-method> <!-- test_account_registration -->
        <test-method is-config="true" signature="tearDown()[pri:0, instance:testCases.TC01_AccountRegistrationTest@126945f9]" started-at="2025-04-08T05:54:09 IST" name="tearDown" finished-at="2025-04-08T05:54:10 IST" duration-ms="345" status="PASS">
          <reporter-output>
          </reporter-output>
        </test-method> <!-- tearDown -->
      </class> <!-- testCases.TC01_AccountRegistrationTest -->
      <class name="testCases.TC02_LoginTest">
        <test-method is-config="true" signature="setUp(java.lang.String,java.lang.String)[pri:0, instance:testCases.TC02_LoginTest@35229f85]" started-at="2025-04-08T05:54:10 IST" name="setUp" finished-at="2025-04-08T05:54:18 IST" duration-ms="8241" status="PASS">
          <params>
            <param index="0">
              <value>
                <![CDATA[Windows]]>
              </value>
            </param>
            <param index="1">
              <value>
                <![CDATA[chrome]]>
              </value>
            </param>
          </params>
          <reporter-output>
          </reporter-output>
        </test-method> <!-- setUp -->
        <test-method signature="verifyLogin()[pri:0, instance:testCases.TC02_LoginTest@35229f85]" started-at="2025-04-08T05:54:18 IST" name="verifyLogin" finished-at="2025-04-08T05:54:21 IST" duration-ms="3160" status="PASS">
          <reporter-output>
          </reporter-output>
        </test-method> <!-- verifyLogin -->
        <test-method is-config="true" signature="tearDown()[pri:0, instance:testCases.TC02_LoginTest@35229f85]" started-at="2025-04-08T05:54:21 IST" name="tearDown" finished-at="2025-04-08T05:54:21 IST" duration-ms="480" status="PASS">
          <reporter-output>
          </reporter-output>
        </test-method> <!-- tearDown -->
      </class> <!-- testCases.TC02_LoginTest -->
    </test> <!-- Test -->
  </suite> <!-- Suite -->
</testng-results>
